#
# There is insufficient memory for the Java Runtime Environment to continue.
# Native memory allocation (mmap) failed to map 132120576 bytes for G1 virtual space
# Possible reasons:
#   The system is out of physical RAM or swap space
#   The process is running with CompressedOops enabled, and the Java Heap may be blocking the growth of the native heap
# Possible solutions:
#   Reduce memory load on the system
#   Increase physical memory or swap space
#   Check if swap backing store is full
#   Decrease Java heap size (-Xmx/-Xms)
#   Decrease number of Java threads
#   Decrease Java thread stack sizes (-Xss)
#   Set larger code cache with -XX:ReservedCodeCacheSize=
#   JVM is running with Unscaled Compressed Oops mode in which the Java heap is
#     placed in the first 4GB address space. The Java Heap base address is the
#     maximum limit for the native heap growth. Please use -XX:HeapBaseMinAddress
#     to set the Java Heap base and to place the Java Heap above 4GB virtual address.
# This output file may be truncated or incomplete.
#
#  Out of Memory Error (os_windows.cpp:3825), pid=12972, tid=15092
#
# JRE version:  (17.0.10+1) (build )
# Java VM: OpenJDK 64-Bit Server VM (17.0.10+1-b1087.17, mixed mode, sharing, tiered, compressed oops, compressed class ptrs, g1 gc, windows-amd64)
# No core dump will be written. Minidumps are not enabled by default on client versions of Windows
#

---------------  S U M M A R Y ------------

Command Line: com.intellij.util.ReadEnv

Host: Intel(R) Core(TM) i7-3770 CPU @ 3.40GHz, 8 cores, 7G,  Windows 10 , 64 bit Build 19041 (10.0.19041.546)
Time: Mon Mar 18 16:30:30 2024 India Standard Time elapsed time: 0.113198 seconds (0d 0h 0m 0s)

---------------  T H R E A D  ---------------

Current thread (0x0000028cf0825840):  JavaThread "Unknown thread" [_thread_in_vm, id=15092, stack(0x000000aa8c000000,0x000000aa8c100000)]

Stack: [0x000000aa8c000000,0x000000aa8c100000]
Native frames: (J=compiled Java code, j=interpreted, Vv=VM code, C=native code)
V  [jvm.dll+0x688ac9]
V  [jvm.dll+0x84220a]
V  [jvm.dll+0x843e4e]
V  [jvm.dll+0x8444b3]
V  [jvm.dll+0x24ba8f]
V  [jvm.dll+0x685899]
V  [jvm.dll+0x67a14a]
V  [jvm.dll+0x30c7eb]
V  [jvm.dll+0x313c96]
V  [jvm.dll+0x363a2e]
V  [jvm.dll+0x363c5f]
V  [jvm.dll+0x2e25b8]
V  [jvm.dll+0x2e3524]
V  [jvm.dll+0x812d71]
V  [jvm.dll+0x3718e1]
V  [jvm.dll+0x7f18d6]
V  [jvm.dll+0x3f553f]
V  [jvm.dll+0x3f7171]
C  [jli.dll+0x528f]
C  [ucrtbase.dll+0x214c2]
C  [KERNEL32.DLL+0x17034]
C  [ntdll.dll+0x4cec1]


---------------  P R O C E S S  ---------------

Threads class SMR info:
_java_thread_list=0x00007fff770def58, length=0, elements={
}

Java Threads: ( => current thread )

Other Threads:
  0x0000028cf0881420 GCTaskThread "GC Thread#0" [stack: 0x000000aa8c100000,0x000000aa8c200000] [id=13888]
  0x0000028cf0891df0 ConcurrentGCThread "G1 Main Marker" [stack: 0x000000aa8c200000,0x000000aa8c300000] [id=7568]
  0x0000028cf0892fb0 ConcurrentGCThread "G1 Conc#0" [stack: 0x000000aa8c300000,0x000000aa8c400000] [id=6212]

[error occurred during error reporting (printing all threads), id 0xc0000005, EXCEPTION_ACCESS_VIOLATION (0xc0000005) at pc=0x00007fff76893187]

VM state: not at safepoint (not fully initialized)

VM Mutex/Monitor currently owned by a thread:  ([mutex/lock_event])
[0x0000028cf081fca0] Heap_lock - owner thread: 0x0000028cf0825840

Heap address: 0x0000000082c00000, size: 2004 MB, Compressed Oops mode: 32-bit

CDS archive(s) mapped at: [0x0000000000000000-0x0000000000000000-0x0000000000000000), size 0, SharedBaseAddress: 0x0000000800000000, ArchiveRelocationMode: 1.
Narrow klass base: 0x0000000000000000, Narrow klass shift: 0, Narrow klass range: 0x0

GC Precious Log:
<Empty>

Heap:
 garbage-first heap   total 0K, used 0K [0x0000000082c00000, 0x0000000100000000)
  region size 1024K, 0 young (0K), 0 survivors (0K)
 Metaspace       used 0K, committed 0K, reserved 0K
  class space    used 0K, committed 0K, reserved 0K

Heap Regions: E=young(eden), S=young(survivor), O=old, HS=humongous(starts), HC=humongous(continues), CS=collection set, F=free, OA=open archive, CA=closed archive, TAMS=top-at-mark-start (previous, next)

Card table byte_map: [0x0000028cf46d0000,0x0000028cf4ac0000] _byte_map_base: 0x0000028cf42ba000

Marking Bits (Prev, Next): (CMBitMap*) 0x0000028cf0881a40, (CMBitMap*) 0x0000028cf0881a80
 Prev Bits: [0x0000028cf4eb0000, 0x0000028cf6e00000)
 Next Bits: [0x0000028cf6e00000, 0x0000028cf8d50000)

GC Heap History (0 events):
No events

Dll operation events (1 events):
Event: 0.067 Loaded shared library C:\Program Files\JetBrains\PyCharm Community Edition 2023.3.4\jbr\bin\java.dll

Deoptimization events (0 events):
No events

Classes unloaded (0 events):
No events

Classes redefined (0 events):
No events

Internal exceptions (0 events):
No events

VM Operations (0 events):
No events

Events (0 events):
No events


Dynamic libraries:
0x00007ff6874b0000 - 0x00007ff6874ba000 	C:\Program Files\JetBrains\PyCharm Community Edition 2023.3.4\jbr\bin\java.exe
0x00007fffbae10000 - 0x00007fffbb006000 	C:\Windows\SYSTEM32\ntdll.dll
0x00007fffba830000 - 0x00007fffba8ed000 	C:\Windows\System32\KERNEL32.DLL
0x00007fffb8880000 - 0x00007fffb8b48000 	C:\Windows\System32\KERNELBASE.dll
0x00007fffb8d70000 - 0x00007fffb8e70000 	C:\Windows\System32\ucrtbase.dll
0x00007fff9ff80000 - 0x00007fff9ff97000 	C:\Program Files\JetBrains\PyCharm Community Edition 2023.3.4\jbr\bin\jli.dll
0x00007fffba270000 - 0x00007fffba410000 	C:\Windows\System32\USER32.dll
0x00007fffb8550000 - 0x00007fffb8572000 	C:\Windows\System32\win32u.dll
0x00007fffb9870000 - 0x00007fffb989a000 	C:\Windows\System32\GDI32.dll
0x00007fffb8b80000 - 0x00007fffb8c89000 	C:\Windows\System32\gdi32full.dll
0x00007fffb8680000 - 0x00007fffb871d000 	C:\Windows\System32\msvcp_win.dll
0x00007fffa4090000 - 0x00007fffa432b000 	C:\Windows\WinSxS\amd64_microsoft.windows.common-controls_6595b64144ccf1df_6.0.19041.488_none_ca04af081b815d21\COMCTL32.dll
0x00007fffbac60000 - 0x00007fffbacfe000 	C:\Windows\System32\msvcrt.dll
0x00007fff9fce0000 - 0x00007fff9fcfb000 	C:\Program Files\JetBrains\PyCharm Community Edition 2023.3.4\jbr\bin\VCRUNTIME140.dll
0x00007fffba980000 - 0x00007fffba9b0000 	C:\Windows\System32\IMM32.DLL
0x00007fffa2170000 - 0x00007fffa217c000 	C:\Program Files\JetBrains\PyCharm Community Edition 2023.3.4\jbr\bin\vcruntime140_1.dll
0x00007fff7a170000 - 0x00007fff7a1fd000 	C:\Program Files\JetBrains\PyCharm Community Edition 2023.3.4\jbr\bin\msvcp140.dll
0x00007fff765a0000 - 0x00007fff77223000 	C:\Program Files\JetBrains\PyCharm Community Edition 2023.3.4\jbr\bin\server\jvm.dll
0x00007fffb8f20000 - 0x00007fffb8fcc000 	C:\Windows\System32\ADVAPI32.dll
0x00007fffba410000 - 0x00007fffba4ab000 	C:\Windows\System32\sechost.dll
0x00007fffba9b0000 - 0x00007fffbaad4000 	C:\Windows\System32\RPCRT4.dll
0x00007fffb8300000 - 0x00007fffb834b000 	C:\Windows\SYSTEM32\POWRPROF.dll
0x00007fffa8300000 - 0x00007fffa8327000 	C:\Windows\SYSTEM32\WINMM.dll
0x00007fffaffa0000 - 0x00007fffaffaa000 	C:\Windows\SYSTEM32\VERSION.dll
0x00007fffaba80000 - 0x00007fffaba89000 	C:\Windows\SYSTEM32\WSOCK32.dll
0x00007fffba060000 - 0x00007fffba0cb000 	C:\Windows\System32\ws2_32.DLL
0x00007fffb80f0000 - 0x00007fffb8102000 	C:\Windows\SYSTEM32\UMPDC.dll
0x00007fffb64c0000 - 0x00007fffb64d2000 	C:\Windows\SYSTEM32\kernel.appcore.dll
0x00007fffa8490000 - 0x00007fffa849a000 	C:\Program Files\JetBrains\PyCharm Community Edition 2023.3.4\jbr\bin\jimage.dll
0x00007fffaa780000 - 0x00007fffaa964000 	C:\Windows\SYSTEM32\DBGHELP.DLL
0x00007fffaa750000 - 0x00007fffaa77c000 	C:\Windows\SYSTEM32\dbgcore.DLL
0x00007fffb8c90000 - 0x00007fffb8d0f000 	C:\Windows\System32\bcryptPrimitives.dll
0x00007fffa06f0000 - 0x00007fffa0715000 	C:\Program Files\JetBrains\PyCharm Community Edition 2023.3.4\jbr\bin\java.dll

dbghelp: loaded successfully - version: 4.0.5 - missing functions: none
symbol engine: initialized successfully - sym options: 0x614 - pdb path: .;C:\Program Files\JetBrains\PyCharm Community Edition 2023.3.4\jbr\bin;C:\Windows\SYSTEM32;C:\Windows\WinSxS\amd64_microsoft.windows.common-controls_6595b64144ccf1df_6.0.19041.488_none_ca04af081b815d21;C:\Program Files\JetBrains\PyCharm Community Edition 2023.3.4\jbr\bin\server

VM Arguments:
java_command: com.intellij.util.ReadEnv
java_class_path (initial): C:\Program Files\JetBrains\PyCharm Community Edition 2023.3.4\lib\util_rt.jar
Launcher Type: SUN_STANDARD

[Global flags]
     intx CICompilerCount                          = 4                                         {product} {ergonomic}
     uint ConcGCThreads                            = 2                                         {product} {ergonomic}
     uint G1ConcRefinementThreads                  = 8                                         {product} {ergonomic}
   size_t G1HeapRegionSize                         = 1048576                                   {product} {ergonomic}
    uintx GCDrainStackTargetSize                   = 64                                        {product} {ergonomic}
   size_t InitialHeapSize                          = 132120576                                 {product} {ergonomic}
   size_t MarkStackSize                            = 4194304                                   {product} {ergonomic}
   size_t MaxHeapSize                              = 2101346304                                {product} {ergonomic}
   size_t MinHeapDeltaBytes                        = 1048576                                   {product} {ergonomic}
   size_t MinHeapSize                              = 8388608                                   {product} {ergonomic}
    uintx NonNMethodCodeHeapSize                   = 5839372                                {pd product} {ergonomic}
    uintx NonProfiledCodeHeapSize                  = 122909434                              {pd product} {ergonomic}
    uintx ProfiledCodeHeapSize                     = 122909434                              {pd product} {ergonomic}
    uintx ReservedCodeCacheSize                    = 251658240                              {pd product} {ergonomic}
     bool SegmentedCodeCache                       = true                                      {product} {ergonomic}
   size_t SoftMaxHeapSize                          = 2101346304                             {manageable} {ergonomic}
     bool UseCompressedClassPointers               = true                           {product lp64_product} {ergonomic}
     bool UseCompressedOops                        = true                           {product lp64_product} {ergonomic}
     bool UseG1GC                                  = true                                      {product} {ergonomic}
     bool UseLargePagesIndividualAllocation        = false                                  {pd product} {ergonomic}

Logging:
Log output configuration:
 #0: stdout all=warning uptime,level,tags
 #1: stderr all=off uptime,level,tags

Environment Variables:
PATH=C:\Users\Dhruveel\PycharmProjects\Multiple Doctor Medicine Predictor\.venv\Scripts;C:\Windows\system32;C:\Windows;C:\Windows\System32\Wbem;C:\Windows\System32\WindowsPowerShell\v1.0\;C:\Windows\System32\OpenSSH\;C:\Users\Dhruveel\AppData\Local\Programs\Python\Python312\python.exe;C:\Program Files\Git\cmd;C:\FFmpeg\ffmpeg\bin;C:\Users\Dhruveel\AppData\Local\Programs\Python\Python312\Scripts\;C:\Users\Dhruveel\AppData\Local\Programs\Python\Python312\;C:\Users\Dhruveel\AppData\Local\Programs\Python\Launcher\;C:\Users\Dhruveel\AppData\Local\Microsoft\WindowsApps;C:\Users\Dhruveel\AppData\Local\Programs\Microsoft VS Code\bin;C:\Program Files\JetBrains\PyCharm Community Edition 2023.3.4\bin;;C:\Users\Dhruveel\AppData\Local\Programs\Python\Python312\python.exe;
USERNAME=Dhruveel
OS=Windows_NT
PROCESSOR_IDENTIFIER=Intel64 Family 6 Model 58 Stepping 9, GenuineIntel
TMP=C:\Users\Dhruveel\AppData\Local\Temp
TEMP=C:\Users\Dhruveel\AppData\Local\Temp



Periodic native trim disabled

JNI global refs:
JNI global refs: 0, weak refs: 0

JNI global refs memory usage: 0, weak refs: 0

OOME stack traces (most recent first):
Classloader memory used:


---------------  S Y S T E M  ---------------

OS:
 Windows 10 , 64 bit Build 19041 (10.0.19041.546)
OS uptime: 12 days 4:44 hours

CPU: total 8 (initial active 8) (4 cores per cpu, 2 threads per core) family 6 model 58 stepping 9 microcode 0x21, cx8, cmov, fxsr, ht, mmx, sse, sse2, sse3, ssse3, sse4.1, sse4.2, popcnt, tsc, tscinvbit, avx, aes, erms, clmul, vzeroupper, clflush
Processor Information for all 8 processors :
  Max Mhz: 3401, Current Mhz: 3401, Mhz Limit: 3401

Memory: 4k page, system-wide physical 8013M (422M free)
TotalPageFile size 22936M (AvailPageFile size 45M)
current process WorkingSet (physical memory assigned to process): 10M, peak: 10M
current process commit charge ("private bytes"): 60M, peak: 186M

vm_info: OpenJDK 64-Bit Server VM (17.0.10+1-b1087.17) for windows-amd64 JRE (17.0.10+1-b1087.17), built on 2024-01-19 by "builduser" with MS VC++ 16.10 / 16.11 (VS2019)

END.
